[2021-07-11T21:29:17.303] [DEBUG] cheese - login => username:zs,password:123456
[2021-07-11T21:29:17.305] [DEBUG] cheese - zs
[2021-07-11T21:29:17.312] [DEBUG] cheese - null
[2021-07-11T21:29:17.313] [DEBUG] cheese - null
[2021-07-11T21:29:54.089] [DEBUG] cheese - login => username:admin,password:123456
[2021-07-11T21:29:54.089] [DEBUG] cheese - admin
[2021-07-11T21:29:54.093] [DEBUG] cheese - null
[2021-07-11T21:29:54.093] [DEBUG] cheese - null
[2021-07-13T20:46:26.891] [DEBUG] cheese - login => username:admin,password:123456
[2021-07-13T20:46:26.892] [DEBUG] cheese - admin
[2021-07-13T20:46:26.902] [DEBUG] cheese - null
[2021-07-13T20:46:26.902] [DEBUG] cheese - null
[2021-07-14T19:18:13.890] [DEBUG] cheese - login => username:admin,password:123456
[2021-07-14T19:18:13.891] [DEBUG] cheese - admin
[2021-07-14T19:18:13.900] [DEBUG] cheese - null
[2021-07-14T19:18:13.901] [DEBUG] cheese - null
[2021-07-14T20:28:09.486] [DEBUG] cheese - login => username:admin,password:123456
[2021-07-14T20:28:09.486] [DEBUG] cheese - admin
[2021-07-14T20:28:09.488] [DEBUG] cheese - null
[2021-07-14T20:28:09.489] [DEBUG] cheese - null
[2021-07-14T20:32:43.660] [DEBUG] cheese - login => username:admin,password:123456
[2021-07-14T20:32:43.660] [DEBUG] cheese - admin
[2021-07-14T20:32:43.662] [DEBUG] cheese - null
[2021-07-14T20:32:43.662] [DEBUG] cheese - null
[2021-07-14T20:33:08.143] [DEBUG] cheese - login => username:admin,password:123456
[2021-07-14T20:33:08.143] [DEBUG] cheese - admin
[2021-07-14T20:33:08.145] [DEBUG] cheese - null
[2021-07-14T20:33:08.145] [DEBUG] cheese - null
[2021-07-14T20:34:47.686] [DEBUG] cheese - login => username:admin,password:123456
[2021-07-14T20:34:47.686] [DEBUG] cheese - admin
[2021-07-14T20:34:47.688] [DEBUG] cheese - null
[2021-07-14T20:34:47.688] [DEBUG] cheese - null
[2021-07-14T20:34:57.879] [DEBUG] cheese - login => username:admin,password:123456
[2021-07-14T20:34:57.879] [DEBUG] cheese - admin
[2021-07-14T20:34:57.881] [DEBUG] cheese - null
[2021-07-14T20:34:57.881] [DEBUG] cheese - null
[2021-07-14T20:35:08.886] [DEBUG] cheese - login => username:admin,password:123456
[2021-07-14T20:35:08.886] [DEBUG] cheese - admin
[2021-07-14T20:35:08.888] [DEBUG] cheese - null
[2021-07-14T20:35:08.888] [DEBUG] cheese - null
[2021-07-14T21:58:28.744] [DEBUG] cheese - login => username:admin,password:123456
[2021-07-14T21:58:28.744] [DEBUG] cheese - admin
[2021-07-14T21:58:28.746] [DEBUG] cheese - null
[2021-07-14T21:58:28.746] [DEBUG] cheese - null
[2021-07-14T21:59:11.591] [DEBUG] cheese - login => username:admin,password:123456
[2021-07-14T21:59:11.592] [DEBUG] cheese - admin
[2021-07-14T21:59:11.593] [DEBUG] cheese - null
[2021-07-14T21:59:11.593] [DEBUG] cheese - null
[2021-07-14T22:10:40.320] [DEBUG] cheese - login => username:admin,password:123456
[2021-07-14T22:10:40.320] [DEBUG] cheese - admin
[2021-07-14T22:10:40.322] [DEBUG] cheese - null
[2021-07-14T22:10:40.322] [DEBUG] cheese - null
[2021-07-14T22:17:30.279] [DEBUG] cheese - login => username:admin,password:123456
[2021-07-14T22:17:30.279] [DEBUG] cheese - admin
[2021-07-14T22:17:30.281] [DEBUG] cheese - null
[2021-07-14T22:17:30.281] [DEBUG] cheese - null
[2021-07-14T22:29:06.002] [DEBUG] cheese - login => username:admin,password:123456
[2021-07-14T22:29:06.002] [DEBUG] cheese - admin
[2021-07-14T22:29:06.005] [DEBUG] cheese - null
[2021-07-14T22:29:06.005] [DEBUG] cheese - null
[2021-07-14T23:00:35.688] [DEBUG] cheese - login => username:admin,password:123456
[2021-07-14T23:00:35.688] [DEBUG] cheese - admin
[2021-07-14T23:00:35.690] [DEBUG] cheese - null
[2021-07-14T23:00:35.690] [DEBUG] cheese - null
[2021-07-14T23:00:53.311] [DEBUG] cheese - login => username:admin,password:123456
[2021-07-14T23:00:53.311] [DEBUG] cheese - admin
[2021-07-14T23:00:53.313] [DEBUG] cheese - null
[2021-07-14T23:00:53.313] [DEBUG] cheese - null
[2021-07-14T23:00:57.513] [DEBUG] cheese - login => username:admin,password:123456
[2021-07-14T23:00:57.513] [DEBUG] cheese - admin
[2021-07-14T23:00:57.514] [DEBUG] cheese - null
[2021-07-14T23:00:57.514] [DEBUG] cheese - null
[2021-07-14T23:01:06.135] [DEBUG] cheese - login => username:admin,password:123456
[2021-07-14T23:01:06.135] [DEBUG] cheese - admin
[2021-07-14T23:01:06.137] [DEBUG] cheese - null
[2021-07-14T23:01:06.137] [DEBUG] cheese - null
[2021-07-15T21:01:52.418] [DEBUG] cheese - login => username:admin,password:123456
[2021-07-15T21:01:52.419] [DEBUG] cheese - admin
[2021-07-15T21:01:52.440] [DEBUG] cheese - null
[2021-07-15T21:01:52.440] [DEBUG] cheese - null
